<?xml version="1.0" encoding="UTF-8"?>
<testng-results ignored="0" total="2" passed="0" failed="2" skipped="0">
  <reporter-output>
  </reporter-output>
  <suite started-at="2025-11-16T15:11:47 EET" name="ReqRes API Test Suite" finished-at="2025-11-16T15:11:49 EET" duration-ms="2056">
    <groups>
    </groups>
    <test started-at="2025-11-16T15:11:47 EET" name="User Creation Tests" finished-at="2025-11-16T15:11:49 EET" duration-ms="2007">
      <class name="tests.UserCreationTest">
        <test-method is-config="true" signature="setUpTest(java.lang.reflect.Method)[pri:0, instance:tests.UserCreationTest@1efe439d]" started-at="2025-11-16T15:11:47 EET" name="setUpTest" finished-at="2025-11-16T15:11:47 EET" duration-ms="7" status="PASS">
          <params>
            <param index="0">
              <value>
                <![CDATA[public void tests.UserCreationTest.testCreateUser()]]>
              </value>
            </param>
          </params>
          <reporter-output>
          </reporter-output>
        </test-method> <!-- setUpTest -->
        <test-method signature="testCreateUser()[pri:0, instance:tests.UserCreationTest@1efe439d]" started-at="2025-11-16T15:11:47 EET" name="testCreateUser" description="Validate user creation with all assertions" finished-at="2025-11-16T15:11:49 EET" duration-ms="1973" status="FAIL">
          <exception class="java.lang.AssertionError">
            <message>
              <![CDATA[Response status code should be 201 Created expected [201] but found [401]]]>
            </message>
            <full-stacktrace>
              <![CDATA[java.lang.AssertionError: Response status code should be 201 Created expected [201] but found [401]
at org.testng.Assert.fail(Assert.java:111)
at org.testng.Assert.failNotEquals(Assert.java:1590)
at org.testng.Assert.assertEqualsImpl(Assert.java:150)
at org.testng.Assert.assertEquals(Assert.java:132)
at org.testng.Assert.assertEquals(Assert.java:1431)
at org.testng.Assert.assertEquals(Assert.java:1395)
at tests.UserCreationTest.testCreateUser(UserCreationTest.java:32)
at java.base/jdk.internal.reflect.DirectMethodHandleAccessor.invoke(Unknown Source)
at java.base/java.lang.reflect.Method.invoke(Unknown Source)
at org.testng.internal.invokers.MethodInvocationHelper.invokeMethod(MethodInvocationHelper.java:141)
at org.testng.internal.invokers.TestInvoker.invokeMethod(TestInvoker.java:687)
at org.testng.internal.invokers.TestInvoker.invokeTestMethod(TestInvoker.java:230)
at org.testng.internal.invokers.MethodRunner.runInSequence(MethodRunner.java:63)
at org.testng.internal.invokers.TestInvoker$MethodInvocationAgent.invoke(TestInvoker.java:995)
at org.testng.internal.invokers.TestInvoker.invokeTestMethods(TestInvoker.java:203)
at org.testng.internal.invokers.TestMethodWorker.invokeTestMethods(TestMethodWorker.java:154)
at org.testng.internal.invokers.TestMethodWorker.run(TestMethodWorker.java:134)
at java.base/java.util.ArrayList.forEach(Unknown Source)
at org.testng.TestRunner.privateRun(TestRunner.java:741)
at org.testng.TestRunner.run(TestRunner.java:616)
at org.testng.SuiteRunner.runTest(SuiteRunner.java:421)
at org.testng.SuiteRunner$SuiteWorker.run(SuiteRunner.java:463)
at org.testng.internal.thread.ThreadUtil.lambda$execute$0(ThreadUtil.java:64)
at java.base/java.util.concurrent.FutureTask.run(Unknown Source)
at java.base/java.util.concurrent.ThreadPoolExecutor.runWorker(Unknown Source)
at java.base/java.util.concurrent.ThreadPoolExecutor$Worker.run(Unknown Source)
at java.base/java.lang.Thread.run(Unknown Source)
]]>
            </full-stacktrace>
          </exception> <!-- java.lang.AssertionError -->
          <reporter-output>
          </reporter-output>
        </test-method> <!-- testCreateUser -->
        <test-method is-config="true" signature="tearDownTest(org.testng.ITestResult)[pri:0, instance:tests.UserCreationTest@1efe439d]" started-at="2025-11-16T15:11:49 EET" name="tearDownTest" finished-at="2025-11-16T15:11:49 EET" duration-ms="1" status="PASS">
          <params>
            <param index="0">
              <value>
                <![CDATA[[TestResult name=testCreateUser status=FAILURE method=UserCreationTest.testCreateUser()[pri:0, instance:tests.UserCreationTest@1efe439d] output={null}]]]>
              </value>
            </param>
          </params>
          <reporter-output>
          </reporter-output>
        </test-method> <!-- tearDownTest -->
      </class> <!-- tests.UserCreationTest -->
    </test> <!-- User Creation Tests -->
    <test started-at="2025-11-16T15:11:47 EET" name="User Lifecycle Tests" finished-at="2025-11-16T15:11:49 EET" duration-ms="2056">
      <class name="tests.UserLifecycleTest">
        <test-method is-config="true" signature="setUpSuite()[pri:0, instance:tests.UserLifecycleTest@4716be8b]" started-at="2025-11-16T15:11:47 EET" name="setUpSuite" finished-at="2025-11-16T15:11:47 EET" duration-ms="147" status="PASS">
          <reporter-output>
          </reporter-output>
        </test-method> <!-- setUpSuite -->
        <test-method is-config="true" signature="setUpTest(java.lang.reflect.Method)[pri:0, instance:tests.UserLifecycleTest@4716be8b]" started-at="2025-11-16T15:11:47 EET" name="setUpTest" finished-at="2025-11-16T15:11:47 EET" duration-ms="6" status="PASS">
          <params>
            <param index="0">
              <value>
                <![CDATA[public void tests.UserLifecycleTest.testUserLifecycle()]]>
              </value>
            </param>
          </params>
          <reporter-output>
          </reporter-output>
        </test-method> <!-- setUpTest -->
        <test-method signature="testUserLifecycle()[pri:0, instance:tests.UserLifecycleTest@4716be8b]" started-at="2025-11-16T15:11:47 EET" name="testUserLifecycle" description="Complete user lifecycle: Create → Retrieve → Delete" finished-at="2025-11-16T15:11:49 EET" duration-ms="2025" status="FAIL">
          <exception class="java.lang.AssertionError">
            <message>
              <![CDATA[User creation should succeed expected [201] but found [401]]]>
            </message>
            <full-stacktrace>
              <![CDATA[java.lang.AssertionError: User creation should succeed expected [201] but found [401]
at org.testng.Assert.fail(Assert.java:111)
at org.testng.Assert.failNotEquals(Assert.java:1590)
at org.testng.Assert.assertEqualsImpl(Assert.java:150)
at org.testng.Assert.assertEquals(Assert.java:132)
at org.testng.Assert.assertEquals(Assert.java:1431)
at org.testng.Assert.assertEquals(Assert.java:1395)
at tests.UserLifecycleTest.testUserLifecycle(UserLifecycleTest.java:28)
at java.base/jdk.internal.reflect.DirectMethodHandleAccessor.invoke(Unknown Source)
at java.base/java.lang.reflect.Method.invoke(Unknown Source)
at org.testng.internal.invokers.MethodInvocationHelper.invokeMethod(MethodInvocationHelper.java:141)
at org.testng.internal.invokers.TestInvoker.invokeMethod(TestInvoker.java:687)
at org.testng.internal.invokers.TestInvoker.invokeTestMethod(TestInvoker.java:230)
at org.testng.internal.invokers.MethodRunner.runInSequence(MethodRunner.java:63)
at org.testng.internal.invokers.TestInvoker$MethodInvocationAgent.invoke(TestInvoker.java:995)
at org.testng.internal.invokers.TestInvoker.invokeTestMethods(TestInvoker.java:203)
at org.testng.internal.invokers.TestMethodWorker.invokeTestMethods(TestMethodWorker.java:154)
at org.testng.internal.invokers.TestMethodWorker.run(TestMethodWorker.java:134)
at java.base/java.util.ArrayList.forEach(Unknown Source)
at org.testng.TestRunner.privateRun(TestRunner.java:741)
at org.testng.TestRunner.run(TestRunner.java:616)
at org.testng.SuiteRunner.runTest(SuiteRunner.java:421)
at org.testng.SuiteRunner$SuiteWorker.run(SuiteRunner.java:463)
at org.testng.internal.thread.ThreadUtil.lambda$execute$0(ThreadUtil.java:64)
at java.base/java.util.concurrent.FutureTask.run(Unknown Source)
at java.base/java.util.concurrent.ThreadPoolExecutor.runWorker(Unknown Source)
at java.base/java.util.concurrent.ThreadPoolExecutor$Worker.run(Unknown Source)
at java.base/java.lang.Thread.run(Unknown Source)
]]>
            </full-stacktrace>
          </exception> <!-- java.lang.AssertionError -->
          <reporter-output>
          </reporter-output>
        </test-method> <!-- testUserLifecycle -->
        <test-method is-config="true" signature="tearDownTest(org.testng.ITestResult)[pri:0, instance:tests.UserLifecycleTest@4716be8b]" started-at="2025-11-16T15:11:49 EET" name="tearDownTest" finished-at="2025-11-16T15:11:49 EET" duration-ms="0" status="PASS">
          <params>
            <param index="0">
              <value>
                <![CDATA[[TestResult name=testUserLifecycle status=FAILURE method=UserLifecycleTest.testUserLifecycle()[pri:0, instance:tests.UserLifecycleTest@4716be8b] output={null}]]]>
              </value>
            </param>
          </params>
          <reporter-output>
          </reporter-output>
        </test-method> <!-- tearDownTest -->
        <test-method is-config="true" signature="tearDownSuite()[pri:0, instance:tests.UserLifecycleTest@4716be8b]" started-at="2025-11-16T15:11:49 EET" name="tearDownSuite" finished-at="2025-11-16T15:11:49 EET" duration-ms="229" status="PASS">
          <reporter-output>
          </reporter-output>
        </test-method> <!-- tearDownSuite -->
      </class> <!-- tests.UserLifecycleTest -->
    </test> <!-- User Lifecycle Tests -->
  </suite> <!-- ReqRes API Test Suite -->
</testng-results>
