<?xml version="1.0" encoding="UTF-8"?>
<!-- Generated by org.testng.reporters.JUnitXMLReporter -->
<testsuite ignored="0" hostname="Abanoubmaged-Newhomes" failures="1" tests="1" name="User Creation Tests" time="2.007" errors="0" timestamp="2025-11-16T15:11:49 EET">
  <testcase classname="tests.UserCreationTest" name="testCreateUser" time="1.973">
    <failure type="java.lang.AssertionError" message="Response status code should be 201 Created expected [201] but found [401]">
      <![CDATA[java.lang.AssertionError: Response status code should be 201 Created expected [201] but found [401]
at tests.UserCreationTest.testCreateUser(UserCreationTest.java:32)
at java.base/java.util.ArrayList.forEach(Unknown Source)
at java.base/java.util.concurrent.FutureTask.run(Unknown Source)
at java.base/java.util.concurrent.ThreadPoolExecutor.runWorker(Unknown Source)
at java.base/java.util.concurrent.ThreadPoolExecutor$Worker.run(Unknown Source)
at java.base/java.lang.Thread.run(Unknown Source)
... Removed 21 stack frames]]>
    </failure>
  </testcase> <!-- testCreateUser -->
</testsuite> <!-- User Creation Tests -->
